9.676347393707249722e+00
-3.246273866020637833e+00
1.383173781600835373e+00
-1.805774369505223831e+01
1.990667503939802785e+01
-5.265301133576978998e+01
7.238732641407376889e+01
5.264378676307988769e+01
5.399815581046841118e+00
-1.759831493023040494e+01
-9.728740201309191704e+00
8.234284863790510656e+01
4.871562406406363266e+01
1.750746047945419193e+01
2.204812744874739749e+01
-6.832000956637841682e+01
-5.014240706868039155e+01
9.062387152778661914e+01
6.777896142754248388e+01
1.012081317383543677e+01
-1.151616260652427570e+02
